2026-04-21 08:16:26 | INFO     | app | ============================================================
2026-04-21 08:16:26 | INFO     | app |   🛡️  DIGITAL SHIELD TICKET ANOMALY DETECTION — START
2026-04-21 08:16:26 | INFO     | app | ============================================================
2026-04-21 08:16:26 | INFO     | app | ── STEP 1: Connecting to database ...
2026-04-21 08:16:27 | INFO     | db | ✅ Database connected successfully.
2026-04-21 08:16:29 | INFO     | loader | 📊 Total rows in 'tickets_1': 130,000
2026-04-21 08:16:29 | INFO     | app | ── STEP 2: Loading ticket data ...
2026-04-21 08:16:29 | INFO     | loader | 📥 Loading data from table: tickets_1 ...
2026-04-21 08:16:33 | DEBUG    | loader |   Fetched chunk of 50000 rows ...
2026-04-21 08:16:37 | DEBUG    | loader |   Fetched chunk of 50000 rows ...
2026-04-21 08:16:39 | DEBUG    | loader |   Fetched chunk of 30000 rows ...
2026-04-21 08:16:39 | INFO     | loader | ✅ Loaded 130,000 rows from 'tickets_1'.
2026-04-21 08:16:39 | INFO     | app |    Rows loaded: 130,000
2026-04-21 08:16:39 | INFO     | app | ── STEP 3: Preprocessing data ...
2026-04-21 08:16:39 | INFO     | preprocess | 🔧 Starting data preprocessing ...
2026-04-21 08:16:39 | DEBUG    | preprocess |   Column names stripped.
2026-04-21 08:16:42 | DEBUG    | preprocess |   String columns stripped.
2026-04-21 08:16:43 | INFO     | preprocess |   🗑️  Removed 5 duplicate rows.
2026-04-21 08:16:44 | DEBUG    | preprocess |   'age' column converted to numeric.
2026-04-21 08:16:44 | DEBUG    | preprocess |   'txn_date' converted to datetime.
2026-04-21 08:16:44 | DEBUG    | preprocess |   'jrny_date' converted to datetime.
2026-04-21 08:16:45 | DEBUG    | preprocess |   'txn_time' parsed successfully.
2026-04-21 08:16:48 | DEBUG    | preprocess |   'booking_timestamp' created.
2026-04-21 08:16:48 | DEBUG    | preprocess |   'journey_gap_days' calculated.
2026-04-21 08:16:48 | WARNING  | preprocess |   ⚠️  Null values remaining after preprocessing:
user_id       1535
ip_addrs      1535
jrny_date    50812
bank_name    36555
txn_no       36555
2026-04-21 08:16:48 | INFO     | preprocess | ✅ Preprocessing complete. Rows: 130,000 → 129,995 (removed 5).
2026-04-21 08:16:48 | INFO     | app | ── STEP 4: Running rule-based anomaly detection ...
2026-04-21 08:16:48 | INFO     | anomalies | 🔍 Running 8 rule-based anomaly detectors ...
2026-04-21 08:16:48 | DEBUG    | anomalies |   Rule 1: Adult + Many Minors ...
2026-04-21 08:16:49 | INFO     | anomalies |     Rule 1 (Adult+Minors):               168 rows flagged
2026-04-21 08:16:49 | DEBUG    | anomalies |   Rule 2: Bulk Booking by User ...
2026-04-21 08:16:55 | INFO     | anomalies |     Rule 2 (Bulk Booking):            24,453 rows flagged
2026-04-21 08:16:55 | DEBUG    | anomalies |   Rule 3: Same IP Multiple Bookings ...
2026-04-21 08:16:59 | INFO     | anomalies |     Rule 3 (Same IP):                 86,988 rows flagged
2026-04-21 08:16:59 | DEBUG    | anomalies |   Rule 4: Last-Minute Booking ...
2026-04-21 08:16:59 | INFO     | anomalies |     Rule 4 (Last Minute):             51,107 rows flagged
2026-04-21 08:16:59 | DEBUG    | anomalies |   Rule 5: Rapid Consecutive Transactions ...
2026-04-21 08:17:00 | INFO     | anomalies |     Rule 5 (Rapid Txn):              101,305 rows flagged
2026-04-21 08:17:00 | DEBUG    | anomalies |   Rule 6: Repeated Same Route ...
2026-04-21 08:17:04 | INFO     | anomalies |     Rule 6 (Repeated Route):          53,890 rows flagged
2026-04-21 08:17:04 | DEBUG    | anomalies |   Rule 7: Large Group Size ...
2026-04-21 08:17:05 | INFO     | anomalies |     Rule 7 (Large Group):                  0 rows flagged
2026-04-21 08:17:05 | DEBUG    | anomalies |   Rule 8: Same Bank High Frequency ...
2026-04-21 08:17:10 | INFO     | anomalies |     Rule 8 (Same Bank Freq):          84,666 rows flagged
2026-04-21 08:17:11 | INFO     | anomalies | ✅ Rule engine complete. Flagged rows: 127,529 (may overlap).
2026-04-21 08:17:11 | INFO     | app | ── STEP 5: Running ML anomaly detection (Isolation Forest) ...
2026-04-21 08:17:11 | INFO     | model | 🤖 Running Isolation Forest ML anomaly detection ...
2026-04-21 08:17:12 | DEBUG    | model |   Feature columns: ['bookings_per_user', 'same_ip_count', 'group_size', 'minors_count', 'journey_gap_days', 'rapid_txn_count']
2026-04-21 08:17:12 | INFO     | model |   Training Isolation Forest ...
2026-04-21 08:17:15 | INFO     | model | ✅ ML detection complete. Flagged 6,495 / 129,995 rows as anomalous (5.00%).
2026-04-21 08:17:15 | INFO     | app | ── STEP 6: Calculating risk scores ...
2026-04-21 08:17:15 | INFO     | scoring | 📊 Calculating risk scores ...
2026-04-21 08:17:15 | DEBUG    | scoring |   risk_score column computed.
2026-04-21 08:17:15 | DEBUG    | scoring |   risk_level column computed.
2026-04-21 08:17:26 | DEBUG    | scoring |   triggered_rules column computed.
2026-04-21 08:17:26 | INFO     | scoring |   Risk distribution: {'MEDIUM': 63130, 'HIGH': 39509, 'LOW': 27356}
2026-04-21 08:17:26 | INFO     | scoring | ✅ Risk scoring complete.
2026-04-21 08:17:26 | INFO     | scoring | 🚨 Suspicious rows isolated: 127,529 out of 129,995 total.
2026-04-21 08:17:26 | INFO     | app | ── STEP 7: Generating reports ...
2026-04-21 08:17:26 | INFO     | reports | 📝 Generating reports ...
2026-04-21 08:17:29 | INFO     | reports |   📄 CSV exported: outputs\suspicious_bookings.csv  (127,529 rows)
2026-04-21 08:17:40 | INFO     | reports |   📄 JSON exported: outputs\suspicious_bookings.json  (127,529 records)
2026-04-21 08:17:40 | INFO     | reports |   📄 Top risky users: outputs\top_risky_users.csv
2026-04-21 08:17:40 | INFO     | reports |   📄 Top risky routes: outputs\top_risky_routes.csv
2026-04-21 08:17:40 | INFO     | reports |   📄 Dashboard summary exported: outputs\dashboard_summary.csv
2026-04-21 08:17:41 | ERROR    | app | ❌ Unexpected error in pipeline: 'charmap' codec can't encode characters in position 2-3: character maps to <undefined>
Traceback (most recent call last):
  File "C:\Users\Lenovo\Desktop\RR\app.py", line 103, in main
    generate_all_reports(df)
  File "C:\Users\Lenovo\Desktop\RR\src\reports.py", line 65, in generate_all_reports
    print_console_summary(df, suspicious_df)
  File "C:\Users\Lenovo\Desktop\RR\src\reports.py", line 221, in print_console_summary
    print("  🛡️  DIGITAL SHIELD — ANOMALY DETECTION SUMMARY")
  File "C:\Users\Lenovo\AppData\Local\Programs\Python\Python312\Lib\encodings\cp1252.py", line 19, in encode
    return codecs.charmap_encode(input,self.errors,encoding_table)[0]
           ^^^^^^^^^^^^^^^^^^^^^^^^^^^^^^^^^^^^^^^^^^^^^^^^^^^^^^^
UnicodeEncodeError: 'charmap' codec can't encode characters in position 2-3: character maps to <undefined>
2026-04-21 08:17:41 | INFO     | db | 🔒 Database connection closed.
2026-04-21 08:18:34 | INFO     | app | ============================================================
2026-04-21 08:18:34 | INFO     | app |   🛡️  DIGITAL SHIELD TICKET ANOMALY DETECTION — START
2026-04-21 08:18:34 | INFO     | app | ============================================================
2026-04-21 08:18:34 | INFO     | app | ── STEP 1: Connecting to database ...
2026-04-21 08:18:34 | INFO     | db | ✅ Database connected successfully.
2026-04-21 08:18:34 | INFO     | loader | 📊 Total rows in 'tickets_1': 130,000
2026-04-21 08:18:34 | INFO     | app | ── STEP 2: Loading ticket data ...
2026-04-21 08:18:34 | INFO     | loader | 📥 Loading data from table: tickets_1 ...
2026-04-21 08:18:39 | DEBUG    | loader |   Fetched chunk of 50000 rows ...
2026-04-21 08:18:44 | DEBUG    | loader |   Fetched chunk of 50000 rows ...
2026-04-21 08:18:47 | DEBUG    | loader |   Fetched chunk of 30000 rows ...
2026-04-21 08:18:47 | INFO     | loader | ✅ Loaded 130,000 rows from 'tickets_1'.
2026-04-21 08:18:48 | INFO     | app |    Rows loaded: 130,000
2026-04-21 08:18:48 | INFO     | app | ── STEP 3: Preprocessing data ...
2026-04-21 08:18:48 | INFO     | preprocess | 🔧 Starting data preprocessing ...
2026-04-21 08:18:48 | DEBUG    | preprocess |   Column names stripped.
2026-04-21 08:18:53 | DEBUG    | preprocess |   String columns stripped.
2026-04-21 08:18:54 | INFO     | preprocess |   🗑️  Removed 5 duplicate rows.
2026-04-21 08:18:54 | DEBUG    | preprocess |   'age' column converted to numeric.
2026-04-21 08:18:54 | DEBUG    | preprocess |   'txn_date' converted to datetime.
2026-04-21 08:18:54 | DEBUG    | preprocess |   'jrny_date' converted to datetime.
2026-04-21 08:18:55 | DEBUG    | preprocess |   'txn_time' parsed successfully.
2026-04-21 08:18:57 | DEBUG    | preprocess |   'booking_timestamp' created.
2026-04-21 08:18:58 | DEBUG    | preprocess |   'journey_gap_days' calculated.
2026-04-21 08:18:58 | WARNING  | preprocess |   ⚠️  Null values remaining after preprocessing:
user_id       1535
ip_addrs      1535
jrny_date    50812
bank_name    36555
txn_no       36555
2026-04-21 08:18:58 | INFO     | preprocess | ✅ Preprocessing complete. Rows: 130,000 → 129,995 (removed 5).
2026-04-21 08:18:58 | INFO     | app | ── STEP 4: Running rule-based anomaly detection ...
2026-04-21 08:18:58 | INFO     | anomalies | 🔍 Running 8 rule-based anomaly detectors ...
2026-04-21 08:18:58 | DEBUG    | anomalies |   Rule 1: Adult + Many Minors ...
2026-04-21 08:18:58 | INFO     | anomalies |     Rule 1 (Adult+Minors):               168 rows flagged
2026-04-21 08:18:58 | DEBUG    | anomalies |   Rule 2: Bulk Booking by User ...
2026-04-21 08:19:02 | INFO     | anomalies |     Rule 2 (Bulk Booking):            24,453 rows flagged
2026-04-21 08:19:02 | DEBUG    | anomalies |   Rule 3: Same IP Multiple Bookings ...
2026-04-21 08:19:06 | INFO     | anomalies |     Rule 3 (Same IP):                 86,988 rows flagged
2026-04-21 08:19:06 | DEBUG    | anomalies |   Rule 4: Last-Minute Booking ...
2026-04-21 08:19:06 | INFO     | anomalies |     Rule 4 (Last Minute):             51,107 rows flagged
2026-04-21 08:19:06 | DEBUG    | anomalies |   Rule 5: Rapid Consecutive Transactions ...
2026-04-21 08:19:07 | INFO     | anomalies |     Rule 5 (Rapid Txn):              101,305 rows flagged
2026-04-21 08:19:07 | DEBUG    | anomalies |   Rule 6: Repeated Same Route ...
2026-04-21 08:19:12 | INFO     | anomalies |     Rule 6 (Repeated Route):          53,890 rows flagged
2026-04-21 08:19:12 | DEBUG    | anomalies |   Rule 7: Large Group Size ...
2026-04-21 08:19:12 | INFO     | anomalies |     Rule 7 (Large Group):                  0 rows flagged
2026-04-21 08:19:12 | DEBUG    | anomalies |   Rule 8: Same Bank High Frequency ...
2026-04-21 08:19:16 | INFO     | anomalies |     Rule 8 (Same Bank Freq):          84,666 rows flagged
2026-04-21 08:19:16 | INFO     | anomalies | ✅ Rule engine complete. Flagged rows: 127,529 (may overlap).
2026-04-21 08:19:16 | INFO     | app | ── STEP 5: Running ML anomaly detection (Isolation Forest) ...
2026-04-21 08:19:16 | INFO     | model | 🤖 Running Isolation Forest ML anomaly detection ...
2026-04-21 08:19:17 | DEBUG    | model |   Feature columns: ['bookings_per_user', 'same_ip_count', 'group_size', 'minors_count', 'journey_gap_days', 'rapid_txn_count']
2026-04-21 08:19:17 | INFO     | model |   Training Isolation Forest ...
2026-04-21 08:19:20 | INFO     | model | ✅ ML detection complete. Flagged 6,495 / 129,995 rows as anomalous (5.00%).
2026-04-21 08:19:20 | INFO     | app | ── STEP 6: Calculating risk scores ...
2026-04-21 08:19:20 | INFO     | scoring | 📊 Calculating risk scores ...
2026-04-21 08:19:20 | DEBUG    | scoring |   risk_score column computed.
2026-04-21 08:19:20 | DEBUG    | scoring |   risk_level column computed.
2026-04-21 08:19:30 | DEBUG    | scoring |   triggered_rules column computed.
2026-04-21 08:19:30 | INFO     | scoring |   Risk distribution: {'MEDIUM': 63130, 'HIGH': 39509, 'LOW': 27356}
2026-04-21 08:19:30 | INFO     | scoring | ✅ Risk scoring complete.
2026-04-21 08:19:30 | INFO     | scoring | 🚨 Suspicious rows isolated: 127,529 out of 129,995 total.
2026-04-21 08:19:30 | INFO     | app | ── STEP 7: Generating reports ...
2026-04-21 08:19:30 | INFO     | reports | 📝 Generating reports ...
2026-04-21 08:19:33 | INFO     | reports |   📄 CSV exported: outputs\suspicious_bookings.csv  (127,529 rows)
2026-04-21 08:19:42 | INFO     | reports |   📄 JSON exported: outputs\suspicious_bookings.json  (127,529 records)
2026-04-21 08:19:43 | INFO     | reports |   📄 Top risky users: outputs\top_risky_users.csv
2026-04-21 08:19:43 | INFO     | reports |   📄 Top risky routes: outputs\top_risky_routes.csv
2026-04-21 08:19:43 | INFO     | reports |   📄 Dashboard summary exported: outputs\dashboard_summary.csv
2026-04-21 08:19:43 | INFO     | reports | ✅ All reports generated successfully.
2026-04-21 08:19:43 | DEBUG    | utils | [DASHBOARD HOOK] Payload ready (integration pending): keys=['total_rows', 'suspicious_rows', 'high_risk', 'medium_risk']
2026-04-21 08:19:43 | DEBUG    | utils | [EMAIL HOOK] Alert pending (integration pending): subject='[Digital Shield] 39509 HIGH RISK bookings detected', to=['security@railwayshield.gov.in']
2026-04-21 08:19:43 | INFO     | db | 🔒 Database connection closed.
2026-04-21 08:19:43 | INFO     | app | ============================================================
2026-04-21 08:19:43 | INFO     | app |   ✅ Pipeline completed in 1m 9.80s
2026-04-21 08:19:43 | INFO     | app | ============================================================
